# JRE version: 7.0_21-b12
# Java VM: Java HotSpot(TM) 64-Bit Server VM (23.21-b01 mixed mode bsd-amd64 compressed oops)
Heap
 PSYoungGen      total 87936K, used 54624K [0x000000013f560000, 0x000000014a460000, 0x000000015a600000)
  eden space 82240K, 59% used [0x000000013f560000,0x000000014252d2b8,0x00000001445b0000)
  from space 5696K, 99% used [0x00000001445b0000,0x0000000144b3af30,0x0000000144b40000)
  to   space 7360K, 0% used [0x0000000149d30000,0x0000000149d30000,0x000000014a460000)
 ParOldGen       total 55424K, used 3655K [0x0000000109400000, 0x000000010ca20000, 0x000000013f560000)
  object space 55424K, 6% used [0x0000000109400000,0x0000000109791f08,0x000000010ca20000)
 PSPermGen       total 21248K, used 20029K [0x0000000104200000, 0x00000001056c0000, 0x0000000109400000)
  object space 21248K, 94% used [0x0000000104200000,0x000000010558f7f8,0x00000001056c0000)
GC Heap History (10 events):
Event: 0.790 GC heap before
{Heap before GC invocations=3 (full 0):
 PSYoungGen      total 24192K, used 23614K [0x000000013f560000, 0x00000001424a0000, 0x000000015a600000)
  eden space 20736K, 100% used [0x000000013f560000,0x00000001409a0000,0x00000001409a0000)
  from space 3456K, 83% used [0x0000000140d00000,0x0000000140fcfbe0,0x0000000141060000)
  to   space 3456K, 0% used [0x00000001409a0000,0x00000001409a0000,0x0000000140d00000)
 ParOldGen       total 55424K, used 8K [0x0000000109400000, 0x000000010ca20000, 0x000000013f560000)
  object space 55424K, 0% used [0x0000000109400000,0x0000000109402000,0x000000010ca20000)
 PSPermGen       total 21248K, used 8717K [0x0000000104200000, 0x00000001056c0000, 0x0000000109400000)
  object space 21248K, 41% used [0x0000000104200000,0x0000000104a835a0,0x00000001056c0000)
Event: 0.794 GC heap after
Heap after GC invocations=3 (full 0):
 PSYoungGen      total 24192K, used 3211K [0x000000013f560000, 0x00000001424a0000, 0x000000015a600000)
  eden space 20736K, 0% used [0x000000013f560000,0x000000013f560000,0x00000001409a0000)
  from space 3456K, 92% used [0x00000001409a0000,0x0000000140cc2fc0,0x0000000140d00000)
  to   space 3456K, 0% used [0x0000000142140000,0x0000000142140000,0x00000001424a0000)
 ParOldGen       total 55424K, used 16K [0x0000000109400000, 0x000000010ca20000, 0x000000013f560000)
  object space 55424K, 0% used [0x0000000109400000,0x0000000109404000,0x000000010ca20000)
 PSPermGen       total 21248K, used 8717K [0x0000000104200000, 0x00000001056c0000, 0x0000000109400000)
  object space 21248K, 41% used [0x0000000104200000,0x0000000104a835a0,0x00000001056c0000)
}
Event: 0.993 GC heap before
{Heap before GC invocations=4 (full 0):
 PSYoungGen      total 24192K, used 23947K [0x000000013f560000, 0x00000001424a0000, 0x000000015a600000)
  eden space 20736K, 100% used [0x000000013f560000,0x00000001409a0000,0x00000001409a0000)
  from space 3456K, 92% used [0x00000001409a0000,0x0000000140cc2fc0,0x0000000140d00000)
  to   space 3456K, 0% used [0x0000000142140000,0x0000000142140000,0x00000001424a0000)
 ParOldGen       total 55424K, used 16K [0x0000000109400000, 0x000000010ca20000, 0x000000013f560000)
  object space 55424K, 0% used [0x0000000109400000,0x0000000109404000,0x000000010ca20000)
 PSPermGen       total 21248K, used 10086K [0x0000000104200000, 0x00000001056c0000, 0x0000000109400000)
  object space 21248K, 47% used [0x0000000104200000,0x0000000104bd9b50,0x00000001056c0000)
Event: 0.997 GC heap after
Heap after GC invocations=4 (full 0):
 PSYoungGen      total 44928K, used 3454K [0x000000013f560000, 0x00000001424a0000, 0x000000015a600000)
  eden space 41472K, 0% used [0x000000013f560000,0x000000013f560000,0x0000000141de0000)
  from space 3456K, 99% used [0x0000000142140000,0x000000014249f8f8,0x00000001424a0000)
  to   space 3456K, 0% used [0x0000000141de0000,0x0000000141de0000,0x0000000142140000)
 ParOldGen       total 55424K, used 365K [0x0000000109400000, 0x000000010ca20000, 0x000000013f560000)
  object space 55424K, 0% used [0x0000000109400000,0x000000010945b490,0x000000010ca20000)
 PSPermGen       total 21248K, used 10086K [0x0000000104200000, 0x00000001056c0000, 0x0000000109400000)
  object space 21248K, 47% used [0x0000000104200000,0x0000000104bd9b50,0x00000001056c0000)
}
Event: 1.315 GC heap before
{Heap before GC invocations=5 (full 0):
 PSYoungGen      total 44928K, used 44926K [0x000000013f560000, 0x00000001424a0000, 0x000000015a600000)
  eden space 41472K, 100% used [0x000000013f560000,0x0000000141de0000,0x0000000141de0000)
  from space 3456K, 99% used [0x0000000142140000,0x000000014249f8f8,0x00000001424a0000)
  to   space 3456K, 0% used [0x0000000141de0000,0x0000000141de0000,0x0000000142140000)
 ParOldGen       total 55424K, used 365K [0x0000000109400000, 0x000000010ca20000, 0x000000013f560000)
  object space 55424K, 0% used [0x0000000109400000,0x000000010945b490,0x000000010ca20000)
 PSPermGen       total 21248K, used 12869K [0x0000000104200000, 0x00000001056c0000, 0x0000000109400000)
  object space 21248K, 60% used [0x0000000104200000,0x0000000104e91778,0x00000001056c0000)
Event: 1.321 GC heap after
Heap after GC invocations=5 (full 0):
 PSYoungGen      total 44928K, used 3443K [0x000000013f560000, 0x0000000145020000, 0x000000015a600000)
  eden space 41472K, 0% used [0x000000013f560000,0x000000013f560000,0x0000000141de0000)
  from space 3456K, 99% used [0x0000000141de0000,0x000000014213cd28,0x0000000142140000)
  to   space 4992K, 0% used [0x0000000144b40000,0x0000000144b40000,0x0000000145020000)
 ParOldGen       total 55424K, used 1683K [0x0000000109400000, 0x000000010ca20000, 0x000000013f560000)
  object space 55424K, 3% used [0x0000000109400000,0x00000001095a4e18,0x000000010ca20000)
 PSPermGen       total 21248K, used 12869K [0x0000000104200000, 0x00000001056c0000, 0x0000000109400000)
  object space 21248K, 60% used [0x0000000104200000,0x0000000104e91778,0x00000001056c0000)
}
Event: 1.540 GC heap before
{Heap before GC invocations=6 (full 0):
 PSYoungGen      total 44928K, used 44915K [0x000000013f560000, 0x0000000145020000, 0x000000015a600000)
  eden space 41472K, 100% used [0x000000013f560000,0x0000000141de0000,0x0000000141de0000)
  from space 3456K, 99% used [0x0000000141de0000,0x000000014213cd28,0x0000000142140000)
  to   space 4992K, 0% used [0x0000000144b40000,0x0000000144b40000,0x0000000145020000)
 ParOldGen       total 55424K, used 1683K [0x0000000109400000, 0x000000010ca20000, 0x000000013f560000)
  object space 55424K, 3% used [0x0000000109400000,0x00000001095a4e18,0x000000010ca20000)
 PSPermGen       total 21248K, used 15787K [0x0000000104200000, 0x00000001056c0000, 0x0000000109400000)
  object space 21248K, 74% used [0x0000000104200000,0x000000010516afa0,0x00000001056c0000)
Event: 1.547 GC heap after
Heap after GC invocations=6 (full 0):
 PSYoungGen      total 87232K, used 4989K [0x000000013f560000, 0x0000000145180000, 0x000000015a600000)
  eden space 82240K, 0% used [0x000000013f560000,0x000000013f560000,0x00000001445b0000)
  from space 4992K, 99% used [0x0000000144b40000,0x000000014501f540,0x0000000145020000)
  to   space 5696K, 0% used [0x00000001445b0000,0x00000001445b0000,0x0000000144b40000)
 ParOldGen       total 55424K, used 1768K [0x0000000109400000, 0x000000010ca20000, 0x000000013f560000)
  object space 55424K, 3% used [0x0000000109400000,0x00000001095ba2d8,0x000000010ca20000)
 PSPermGen       total 21248K, used 15787K [0x0000000104200000, 0x00000001056c0000, 0x0000000109400000)
  object space 21248K, 74% used [0x0000000104200000,0x000000010516afa0,0x00000001056c0000)
}
Event: 93.119 GC heap before
{Heap before GC invocations=7 (full 0):
 PSYoungGen      total 87232K, used 87229K [0x000000013f560000, 0x0000000145180000, 0x000000015a600000)
  eden space 82240K, 100% used [0x000000013f560000,0x00000001445b0000,0x00000001445b0000)
  from space 4992K, 99% used [0x0000000144b40000,0x000000014501f540,0x0000000145020000)
  to   space 5696K, 0% used [0x00000001445b0000,0x00000001445b0000,0x0000000144b40000)
 ParOldGen       total 55424K, used 1768K [0x0000000109400000, 0x000000010ca20000, 0x000000013f560000)
  object space 55424K, 3% used [0x0000000109400000,0x00000001095ba2d8,0x000000010ca20000)
 PSPermGen       total 21248K, used 19294K [0x0000000104200000, 0x00000001056c0000, 0x0000000109400000)
  object space 21248K, 90% used [0x0000000104200000,0x00000001054d7818,0x00000001056c0000)
Event: 93.129 GC heap after
Heap after GC invocations=7 (full 0):
 PSYoungGen      total 87936K, used 5675K [0x000000013f560000, 0x000000014a460000, 0x000000015a600000)
  eden space 82240K, 0% used [0x000000013f560000,0x000000013f560000,0x00000001445b0000)
  from space 5696K, 99% used [0x00000001445b0000,0x0000000144b3af30,0x0000000144b40000)
  to   space 7360K, 0% used [0x0000000149d30000,0x0000000149d30000,0x000000014a460000)
 ParOldGen       total 55424K, used 3655K [0x0000000109400000, 0x000000010ca20000, 0x000000013f560000)
  object space 55424K, 6% used [0x0000000109400000,0x0000000109791f08,0x000000010ca20000)
 PSPermGen       total 21248K, used 19294K [0x0000000104200000, 0x00000001056c0000, 0x0000000109400000)
  object space 21248K, 90% used [0x0000000104200000,0x00000001054d7818,0x00000001056c0000)
}

